#
# There is insufficient memory for the Java Runtime Environment to continue.
# Native memory allocation (mmap) failed to map 71827456 bytes for committing reserved memory.
# Possible reasons:
#   The system is out of physical RAM or swap space
#   In 32 bit mode, the process size limit was hit
# Possible solutions:
#   Reduce memory load on the system
#   Increase physical memory or swap space
#   Check if swap backing store is full
#   Use 64 bit Java on a 64 bit OS
#   Decrease Java heap size (-Xmx/-Xms)
#   Decrease number of Java threads
#   Decrease Java thread stack sizes (-Xss)
#   Set larger code cache with -XX:ReservedCodeCacheSize=
# This output file may be truncated or incomplete.
#
#  Out of Memory Error (os_linux.cpp:2630), pid=20842, tid=0x00007fde545c5700
#
# JRE version: OpenJDK Runtime Environment (8.0_111-b14) (build 1.8.0_111-8u111-b14-2ubuntu0.16.04.2-b14)
# Java VM: OpenJDK 64-Bit Server VM (25.111-b14 mixed mode linux-amd64 compressed oops)
# Failed to write core dump. Core dumps have been disabled. To enable core dumping, try "ulimit -c unlimited" before starting Java again
#

---------------  T H R E A D  ---------------

Current thread (0x00007fde6807a800):  VMThread [stack: 0x00007fde544c5000,0x00007fde545c6000] [id=20855]

Stack: [0x00007fde544c5000,0x00007fde545c6000],  sp=0x00007fde545c44c0,  free space=1021k
Native frames: (J=compiled Java code, j=interpreted, Vv=VM code, C=native code)
V  [libjvm.so+0xa64d2b]
V  [libjvm.so+0x4c2dac]
V  [libjvm.so+0x8b3ba0]
V  [libjvm.so+0x8ae01e]
V  [libjvm.so+0x9288f6]
V  [libjvm.so+0x929c23]
V  [libjvm.so+0x9262d3]
V  [libjvm.so+0x92659c]
V  [libjvm.so+0x8d8433]
V  [libjvm.so+0xa669e2]
V  [libjvm.so+0xa6bab7]
V  [libjvm.so+0xa69287]
V  [libjvm.so+0xa6a70f]
V  [libjvm.so+0xa6ac01]
V  [libjvm.so+0x8b1082]

VM_Operation (0x00007fde3cd28d80): ParallelGCFailedAllocation, mode: safepoint, requested by thread 0x00007fde0cfd4000


---------------  P R O C E S S  ---------------

Java Threads: ( => current thread )
  0x00007fddd4069800 JavaThread "Abandoned connection cleanup thread" daemon [_thread_blocked, id=20918, stack(0x00007fdddb9fa000,0x00007fdddbafb000)]
  0x00007fddd404c000 JavaThread "Tomcat JDBC Pool Cleaner[1283928880:1483357019511]" daemon [_thread_blocked, id=20917, stack(0x00007fdddbafb000,0x00007fdddbbfc000)]
  0x00007fddf0009800 JavaThread "http-nio-8090-exec-10" daemon [_thread_blocked, id=20915, stack(0x00007fdddbbfc000,0x00007fdddbcfd000)]
  0x00007fddf0008000 JavaThread "http-nio-8090-exec-9" daemon [_thread_blocked, id=20914, stack(0x00007fdddbcfd000,0x00007fdddbdfe000)]
  0x00007fddf0006000 JavaThread "http-nio-8090-exec-8" daemon [_thread_blocked, id=20909, stack(0x00007fdddbdfe000,0x00007fdddbeff000)]
  0x00007fddf0004800 JavaThread "http-nio-8090-exec-6" daemon [_thread_blocked, id=20908, stack(0x00007fdddbeff000,0x00007fdddc000000)]
  0x00007fddec003800 JavaThread "http-nio-8090-exec-7" daemon [_thread_blocked, id=20907, stack(0x00007fde3c022000,0x00007fde3c123000)]
  0x00007fddec002000 JavaThread "http-nio-8090-exec-5" daemon [_thread_blocked, id=20906, stack(0x00007fde3c123000,0x00007fde3c224000)]
  0x00007fddf0003800 JavaThread "http-nio-8090-exec-4" daemon [_thread_blocked, id=20905, stack(0x00007fde3ebce000,0x00007fde3eccf000)]
  0x00007fddec001000 JavaThread "http-nio-8090-exec-3" daemon [_thread_blocked, id=20904, stack(0x00007fde3d9a6000,0x00007fde3daa7000)]
  0x00007fddf0002800 JavaThread "http-nio-8090-exec-2" daemon [_thread_blocked, id=20903, stack(0x00007fde3e6c3000,0x00007fde3e7c4000)]
  0x00007fddf0001800 JavaThread "http-nio-8090-exec-1" daemon [_thread_blocked, id=20902, stack(0x00007fde3eccf000,0x00007fde3edd0000)]
  0x00007fde6800d000 JavaThread "DestroyJavaVM" [_thread_blocked, id=20843, stack(0x00007fde6f0f5000,0x00007fde6f1f6000)]
  0x00007fde0d041800 JavaThread "http-nio-8090-AsyncTimeout" daemon [_thread_blocked, id=20893, stack(0x00007fde3c624000,0x00007fde3c725000)]
  0x00007fde0d040000 JavaThread "http-nio-8090-Acceptor-0" daemon [_thread_in_native, id=20892, stack(0x00007fde3c725000,0x00007fde3c826000)]
  0x00007fde0d03d800 JavaThread "http-nio-8090-ClientPoller-1" daemon [_thread_in_native, id=20891, stack(0x00007fde3c826000,0x00007fde3c927000)]
  0x00007fde0d023800 JavaThread "http-nio-8090-ClientPoller-0" daemon [_thread_in_native, id=20890, stack(0x00007fde3c927000,0x00007fde3ca28000)]
  0x00007fde0cfe7800 JavaThread "NioBlockingSelector.BlockPoller-1" daemon [_thread_in_native, id=20889, stack(0x00007fde3cb29000,0x00007fde3cc2a000)]
  0x00007fde0cfd7800 JavaThread "Live Reload Server" daemon [_thread_in_native, id=20888, stack(0x00007fde3ca28000,0x00007fde3cb29000)]
  0x00007fde0cfd4000 JavaThread "File Watcher" daemon [_thread_blocked, id=20886, stack(0x00007fde3cc2a000,0x00007fde3cd2b000)]
  0x00007fde0cec3000 JavaThread "container-0" [_thread_blocked, id=20885, stack(0x00007fde3d391000,0x00007fde3d492000)]
  0x00007fde0cec0800 JavaThread "ContainerBackgroundProcessor[StandardEngine[Tomcat]]" daemon [_thread_blocked, id=20884, stack(0x00007fde3d492000,0x00007fde3d593000)]
  0x00007fde683ae000 JavaThread "Monitor Ctrl-Break" daemon [_thread_in_native, id=20872, stack(0x00007fde3f311000,0x00007fde3f412000)]
  0x00007fde680c4000 JavaThread "Service Thread" daemon [_thread_blocked, id=20868, stack(0x00007fde3f872000,0x00007fde3f973000)]
  0x00007fde680b4800 JavaThread "C1 CompilerThread2" daemon [_thread_blocked, id=20867, stack(0x00007fde3f973000,0x00007fde3fa74000)]
  0x00007fde680b2800 JavaThread "C2 CompilerThread1" daemon [_thread_blocked, id=20865, stack(0x00007fde3fa74000,0x00007fde3fb75000)]
  0x00007fde680b0000 JavaThread "C2 CompilerThread0" daemon [_thread_blocked, id=20864, stack(0x00007fde540c1000,0x00007fde541c2000)]
  0x00007fde680ad800 JavaThread "Signal Dispatcher" daemon [_thread_blocked, id=20861, stack(0x00007fde541c2000,0x00007fde542c3000)]
  0x00007fde68086800 JavaThread "Finalizer" daemon [_thread_blocked, id=20858, stack(0x00007fde542c3000,0x00007fde543c4000)]
  0x00007fde68082000 JavaThread "Reference Handler" daemon [_thread_blocked, id=20856, stack(0x00007fde543c4000,0x00007fde544c5000)]

Other Threads:
=>0x00007fde6807a800 VMThread [stack: 0x00007fde544c5000,0x00007fde545c6000] [id=20855]
  0x00007fde680c6800 WatcherThread [stack: 0x00007fde3f771000,0x00007fde3f872000] [id=20871]

VM state:at safepoint (normal execution)

VM Mutex/Monitor currently owned by a thread:  ([mutex/lock_event])
[0x00007fde680092f0] Threads_lock - owner thread: 0x00007fde6807a800
[0x00007fde680097f0] Heap_lock - owner thread: 0x00007fde0cfd4000

Heap:
 PSYoungGen      total 230400K, used 96K [0x00000000eb800000, 0x00000000fa600000, 0x0000000100000000)
  eden space 217600K, 0% used [0x00000000eb800000,0x00000000eb800000,0x00000000f8c80000)
  from space 12800K, 0% used [0x00000000f8d00000,0x00000000f8d18000,0x00000000f9980000)
  to   space 8192K, 0% used [0x00000000f9e00000,0x00000000f9e00000,0x00000000fa600000)
 ParOldGen       total 57856K, used 29067K [0x00000000c2800000, 0x00000000c6080000, 0x00000000eb800000)
  object space 57856K, 50% used [0x00000000c2800000,0x00000000c4462e28,0x00000000c6080000)
 Metaspace       used 40415K, capacity 40884K, committed 41216K, reserved 1085440K
  class space    used 4699K, capacity 4856K, committed 4864K, reserved 1048576K

Card table byte_map: [0x00007fde5842c000,0x00007fde58619000] byte_map_base: 0x00007fde57e18000

Marking Bits: (ParMarkBitMap*) 0x00007fde6e3c1220
 Begin Bits: [0x00007fde56168000, 0x00007fde570c8000)
 End Bits:   [0x00007fde570c8000, 0x00007fde58028000)

Polling page: 0x00007fde6f213000

CodeCache: size=245760Kb used=15099Kb max_used=15124Kb free=230660Kb
 bounds [0x00007fde589d9000, 0x00007fde598b9000, 0x00007fde679d9000]
 total_blobs=4699 nmethods=3979 adapters=634
 compilation: enabled

Compilation events (10 events):
Event: 1626.190 Thread 0x00007fde680b4800 4683       1       org.apache.catalina.core.StandardWrapper::getServlet (5 bytes)
Event: 1626.217 Thread 0x00007fde680b4800 nmethod 4683 0x00007fde58ceee50 code [0x00007fde58ceefa0, 0x00007fde58cef0b0]
Event: 1716.629 Thread 0x00007fde680b0000 4684   !   4       sun.nio.ch.EPollArrayWrapper::updateRegistrations (156 bytes)
Event: 1716.658 Thread 0x00007fde680b0000 nmethod 4684 0x00007fde597cf690 code [0x00007fde597cf820, 0x00007fde597cfdc0]
Event: 1717.727 Thread 0x00007fde680b2800 4685       4       sun.nio.ch.EPollArrayWrapper::poll (70 bytes)
Event: 1717.733 Thread 0x00007fde680b2800 nmethod 4685 0x00007fde597d10d0 code [0x00007fde597d1280, 0x00007fde597d18f0]
Event: 1721.633 Thread 0x00007fde680b0000 4686       4       sun.nio.ch.EPollSelectorImpl::updateSelectedKeys (150 bytes)
Event: 1721.641 Thread 0x00007fde680b0000 nmethod 4686 0x00007fde597d04d0 code [0x00007fde597d06a0, 0x00007fde597d0ba0]
Event: 1759.682 Thread 0x00007fde680b2800 4687       4       sun.nio.ch.SelectorImpl::select (34 bytes)
Event: 1759.823 Thread 0x00007fde680b2800 nmethod 4687 0x00007fde598a91d0 code [0x00007fde598a95a0, 0x00007fde598acb78]

GC Heap History (10 events):
Event: 4.909 GC heap after
Heap after GC invocations=10 (full 1):
 PSYoungGen      total 129536K, used 7094K [0x00000000eb800000, 0x00000000f6880000, 0x0000000100000000)
  eden space 121344K, 0% used [0x00000000eb800000,0x00000000eb800000,0x00000000f2e80000)
  from space 8192K, 86% used [0x00000000f2e80000,0x00000000f356db08,0x00000000f3680000)
  to   space 9216K, 0% used [0x00000000f5f80000,0x00000000f5f80000,0x00000000f6880000)
 ParOldGen       total 35840K, used 11432K [0x00000000c2800000, 0x00000000c4b00000, 0x00000000eb800000)
  object space 35840K, 31% used [0x00000000c2800000,0x00000000c332a148,0x00000000c4b00000)
 Metaspace       used 25261K, capacity 25590K, committed 25984K, reserved 1073152K
  class space    used 3016K, capacity 3119K, committed 3200K, reserved 1048576K
}
Event: 6.507 GC heap before
{Heap before GC invocations=11 (full 1):
 PSYoungGen      total 129536K, used 128438K [0x00000000eb800000, 0x00000000f6880000, 0x0000000100000000)
  eden space 121344K, 100% used [0x00000000eb800000,0x00000000f2e80000,0x00000000f2e80000)
  from space 8192K, 86% used [0x00000000f2e80000,0x00000000f356db08,0x00000000f3680000)
  to   space 9216K, 0% used [0x00000000f5f80000,0x00000000f5f80000,0x00000000f6880000)
 ParOldGen       total 35840K, used 11432K [0x00000000c2800000, 0x00000000c4b00000, 0x00000000eb800000)
  object space 35840K, 31% used [0x00000000c2800000,0x00000000c332a148,0x00000000c4b00000)
 Metaspace       used 30098K, capacity 30496K, committed 30848K, reserved 1077248K
  class space    used 3581K, capacity 3677K, committed 3712K, reserved 1048576K
Event: 6.526 GC heap after
Heap after GC invocations=11 (full 1):
 PSYoungGen      total 168960K, used 9207K [0x00000000eb800000, 0x00000000f7780000, 0x0000000100000000)
  eden space 159744K, 0% used [0x00000000eb800000,0x00000000eb800000,0x00000000f5400000)
  from space 9216K, 99% used [0x00000000f5f80000,0x00000000f687de70,0x00000000f6880000)
  to   space 11776K, 0% used [0x00000000f5400000,0x00000000f5400000,0x00000000f5f80000)
 ParOldGen       total 35840K, used 15098K [0x00000000c2800000, 0x00000000c4b00000, 0x00000000eb800000)
  object space 35840K, 42% used [0x00000000c2800000,0x00000000c36bebe8,0x00000000c4b00000)
 Metaspace       used 30098K, capacity 30496K, committed 30848K, reserved 1077248K
  class space    used 3581K, capacity 3677K, committed 3712K, reserved 1048576K
}
Event: 15.168 GC heap before
{Heap before GC invocations=12 (full 1):
 PSYoungGen      total 168960K, used 159227K [0x00000000eb800000, 0x00000000f7780000, 0x0000000100000000)
  eden space 159744K, 93% used [0x00000000eb800000,0x00000000f4a80de8,0x00000000f5400000)
  from space 9216K, 99% used [0x00000000f5f80000,0x00000000f687de70,0x00000000f6880000)
  to   space 11776K, 0% used [0x00000000f5400000,0x00000000f5400000,0x00000000f5f80000)
 ParOldGen       total 35840K, used 15098K [0x00000000c2800000, 0x00000000c4b00000, 0x00000000eb800000)
  object space 35840K, 42% used [0x00000000c2800000,0x00000000c36bebe8,0x00000000c4b00000)
 Metaspace       used 34830K, capacity 35232K, committed 35456K, reserved 1081344K
  class space    used 4097K, capacity 4211K, committed 4224K, reserved 1048576K
Event: 15.246 GC heap after
Heap after GC invocations=12 (full 1):
 PSYoungGen      total 171520K, used 9571K [0x00000000eb800000, 0x00000000faa80000, 0x0000000100000000)
  eden space 159744K, 0% used [0x00000000eb800000,0x00000000eb800000,0x00000000f5400000)
  from space 11776K, 81% used [0x00000000f5400000,0x00000000f5d58e90,0x00000000f5f80000)
  to   space 12800K, 0% used [0x00000000f9e00000,0x00000000f9e00000,0x00000000faa80000)
 ParOldGen       total 35840K, used 21916K [0x00000000c2800000, 0x00000000c4b00000, 0x00000000eb800000)
  object space 35840K, 61% used [0x00000000c2800000,0x00000000c3d67008,0x00000000c4b00000)
 Metaspace       used 34830K, capacity 35232K, committed 35456K, reserved 1081344K
  class space    used 4097K, capacity 4211K, committed 4224K, reserved 1048576K
}
Event: 15.246 GC heap before
{Heap before GC invocations=13 (full 2):
 PSYoungGen      total 171520K, used 9571K [0x00000000eb800000, 0x00000000faa80000, 0x0000000100000000)
  eden space 159744K, 0% used [0x00000000eb800000,0x00000000eb800000,0x00000000f5400000)
  from space 11776K, 81% used [0x00000000f5400000,0x00000000f5d58e90,0x00000000f5f80000)
  to   space 12800K, 0% used [0x00000000f9e00000,0x00000000f9e00000,0x00000000faa80000)
 ParOldGen       total 35840K, used 21916K [0x00000000c2800000, 0x00000000c4b00000, 0x00000000eb800000)
  object space 35840K, 61% used [0x00000000c2800000,0x00000000c3d67008,0x00000000c4b00000)
 Metaspace       used 34830K, capacity 35232K, committed 35456K, reserved 1081344K
  class space    used 4097K, capacity 4211K, committed 4224K, reserved 1048576K
Event: 15.390 GC heap after
Heap after GC invocations=13 (full 2):
 PSYoungGen      total 171520K, used 0K [0x00000000eb800000, 0x00000000faa80000, 0x0000000100000000)
  eden space 159744K, 0% used [0x00000000eb800000,0x00000000eb800000,0x00000000f5400000)
  from space 11776K, 0% used [0x00000000f5400000,0x00000000f5400000,0x00000000f5f80000)
  to   space 12800K, 0% used [0x00000000f9e00000,0x00000000f9e00000,0x00000000faa80000)
 ParOldGen       total 57856K, used 24750K [0x00000000c2800000, 0x00000000c6080000, 0x00000000eb800000)
  object space 57856K, 42% used [0x00000000c2800000,0x00000000c402b988,0x00000000c6080000)
 Metaspace       used 34830K, capacity 35232K, committed 35456K, reserved 1081344K
  class space    used 4097K, capacity 4211K, committed 4224K, reserved 1048576K
}
Event: 649.680 GC heap before
{Heap before GC invocations=14 (full 2):
 PSYoungGen      total 171520K, used 159744K [0x00000000eb800000, 0x00000000faa80000, 0x0000000100000000)
  eden space 159744K, 100% used [0x00000000eb800000,0x00000000f5400000,0x00000000f5400000)
  from space 11776K, 0% used [0x00000000f5400000,0x00000000f5400000,0x00000000f5f80000)
  to   space 12800K, 0% used [0x00000000f9e00000,0x00000000f9e00000,0x00000000faa80000)
 ParOldGen       total 57856K, used 24750K [0x00000000c2800000, 0x00000000c6080000, 0x00000000eb800000)
  object space 57856K, 42% used [0x00000000c2800000,0x00000000c402b988,0x00000000c6080000)
 Metaspace       used 40394K, capacity 40820K, committed 41216K, reserved 1085440K
  class space    used 4699K, capacity 4856K, committed 4864K, reserved 1048576K
Event: 649.743 GC heap after
Heap after GC invocations=14 (full 2):
 PSYoungGen      total 225792K, used 7745K [0x00000000eb800000, 0x00000000fa600000, 0x0000000100000000)
  eden space 217600K, 0% used [0x00000000eb800000,0x00000000eb800000,0x00000000f8c80000)
  from space 8192K, 94% used [0x00000000f9e00000,0x00000000fa590578,0x00000000fa600000)
  to   space 12800K, 0% used [0x00000000f8d00000,0x00000000f8d00000,0x00000000f9980000)
 ParOldGen       total 57856K, used 24777K [0x00000000c2800000, 0x00000000c6080000, 0x00000000eb800000)
  object space 57856K, 42% used [0x00000000c2800000,0x00000000c40325d8,0x00000000c6080000)
 Metaspace       used 40394K, capacity 40820K, committed 41216K, reserved 1085440K
  class space    used 4699K, capacity 4856K, committed 4864K, reserved 1048576K
}
Event: 1919.292 GC heap before
{Heap before GC invocations=15 (full 2):
 PSYoungGen      total 225792K, used 225345K [0x00000000eb800000, 0x00000000fa600000, 0x0000000100000000)
  eden space 217600K, 100% used [0x00000000eb800000,0x00000000f8c80000,0x00000000f8c80000)
  from space 8192K, 94% used [0x00000000f9e00000,0x00000000fa590578,0x00000000fa600000)
  to   space 12800K, 0% used [0x00000000f8d00000,0x00000000f8d00000,0x00000000f9980000)
 ParOldGen       total 57856K, used 24777K [0x00000000c2800000, 0x00000000c6080000, 0x00000000eb800000)
  object space 57856K, 42% used [0x00000000c2800000,0x00000000c40325d8,0x00000000c6080000)
 Metaspace       used 40415K, capacity 40884K, committed 41216K, reserved 1085440K
  class space    used 4699K, capacity 4856K, committed 4864K, reserved 1048576K

Deoptimization events (10 events):
Event: 16.211 Thread 0x00007fddec001000 Uncommon trap: reason=bimorphic action=maybe_recompile pc=0x00007fde58bc3a04 method=java.util.AbstractList$Itr.next()Ljava/lang/Object; @ 14
Event: 16.211 Thread 0x00007fddec001000 Uncommon trap: reason=bimorphic action=maybe_recompile pc=0x00007fde58bc3a04 method=java.util.AbstractList$Itr.next()Ljava/lang/Object; @ 14
Event: 16.211 Thread 0x00007fddf0002800 Uncommon trap: reason=bimorphic action=maybe_recompile pc=0x00007fde58bc3a04 method=java.util.AbstractList$Itr.next()Ljava/lang/Object; @ 14
Event: 16.253 Thread 0x00007fddf0003800 Uncommon trap: reason=class_check action=maybe_recompile pc=0x00007fde594ae76c method=java.util.TreeMap.put(Ljava/lang/Object;Ljava/lang/Object;)Ljava/lang/Object; @ 127
Event: 18.023 Thread 0x00007fddec001000 Uncommon trap: reason=unstable_if action=reinterpret pc=0x00007fde58e009e0 method=java.util.concurrent.ConcurrentHashMap.putVal(Ljava/lang/Object;Ljava/lang/Object;Z)Ljava/lang/Object; @ 98
Event: 21.457 Thread 0x00007fddf0004800 Uncommon trap: reason=unstable_if action=reinterpret pc=0x00007fde58ccd86c method=java.lang.StringCoding$StringEncoder.encode([CII)[B @ 20
Event: 21.653 Thread 0x00007fddf0004800 Uncommon trap: reason=unstable_if action=reinterpret pc=0x00007fde597fdd60 method=java.util.TreeMap.put(Ljava/lang/Object;Ljava/lang/Object;)Ljava/lang/Object; @ 163
Event: 21.725 Thread 0x00007fddf0004800 Uncommon trap: reason=unstable_if action=reinterpret pc=0x00007fde58b01060 method=java.util.Properties$LineReader.readLine()I @ 174
Event: 21.725 Thread 0x00007fddf0004800 Uncommon trap: reason=unstable_if action=reinterpret pc=0x00007fde58c85c6c method=java.net.URI.match(CJJ)Z @ 45
Event: 22.123 Thread 0x00007fddf0004800 Uncommon trap: reason=unstable_if action=reinterpret pc=0x00007fde597b09c4 method=org.thymeleaf.templateparser.TemplatePreprocessingReader.match([III[CII)I @ 99

Internal exceptions (10 events):
Event: 15.454 Thread 0x00007fddf0001800 Exception <a 'java/lang/ClassNotFoundException': org/thymeleaf/spring4/view/AbstractThymeleafViewCustomizer> (0x00000000ebb71aa8) thrown at [/build/openjdk-8-8jAw7G/openjdk-8-8u111-b14/src/hotspot/src/share/vm/classfile/systemDictionary.cpp, line 210]
Event: 15.456 Thread 0x00007fddf0001800 Exception <a 'java/lang/ClassNotFoundException': org/thymeleaf/spring4/view/ThymeleafViewCustomizer> (0x00000000ebb97ba8) thrown at [/build/openjdk-8-8jAw7G/openjdk-8-8u111-b14/src/hotspot/src/share/vm/classfile/systemDictionary.cpp, line 210]
Event: 15.458 Thread 0x00007fddf0001800 Exception <a 'java/lang/ClassNotFoundException': org/springframework/web/servlet/ViewCustomizer> (0x00000000ebbb9f40) thrown at [/build/openjdk-8-8jAw7G/openjdk-8-8u111-b14/src/hotspot/src/share/vm/classfile/systemDictionary.cpp, line 210]
Event: 15.460 Thread 0x00007fddf0001800 Exception <a 'java/lang/ClassNotFoundException': org/springframework/beans/factory/BeanNameAwareCustomizer> (0x00000000ebbd4ab0) thrown at [/build/openjdk-8-8jAw7G/openjdk-8-8u111-b14/src/hotspot/src/share/vm/classfile/systemDictionary.cpp, line 210]
Event: 15.460 Thread 0x00007fddf0001800 Exception <a 'java/lang/ClassNotFoundException': org/springframework/web/context/ServletContextAwareCustomizer> (0x00000000ebbeea90) thrown at [/build/openjdk-8-8jAw7G/openjdk-8-8u111-b14/src/hotspot/src/share/vm/classfile/systemDictionary.cpp, line 210]
Event: 15.460 Thread 0x00007fddf0001800 Exception <a 'java/lang/ClassNotFoundException': org/springframework/context/ApplicationContextAwareCustomizer> (0x00000000ebc08ae8) thrown at [/build/openjdk-8-8jAw7G/openjdk-8-8u111-b14/src/hotspot/src/share/vm/classfile/systemDictionary.cpp, line 210]
Event: 16.059 Thread 0x00007fddf0001800 Exception <a 'java/lang/ClassNotFoundException': java/lang/ObjectCustomizer> (0x00000000ed027038) thrown at [/build/openjdk-8-8jAw7G/openjdk-8-8u111-b14/src/hotspot/src/share/vm/classfile/systemDictionary.cpp, line 210]
Event: 16.060 Thread 0x00007fddf0001800 Exception <a 'java/lang/ClassNotFoundException': com/fang/CD1/security/LoginModelCustomizer> (0x00000000ed041038) thrown at [/build/openjdk-8-8jAw7G/openjdk-8-8u111-b14/src/hotspot/src/share/vm/classfile/systemDictionary.cpp, line 210]
Event: 17.825 Thread 0x00007fddf0009800 Exception <a 'java/io/FileNotFoundException'> (0x00000000ed61b730) thrown at [/build/openjdk-8-8jAw7G/openjdk-8-8u111-b14/src/hotspot/src/share/vm/prims/jni.cpp, line 709]
Event: 17.826 Thread 0x00007fddf0009800 Exception <a 'java/io/FileNotFoundException'> (0x00000000ed61c4b0) thrown at [/build/openjdk-8-8jAw7G/openjdk-8-8u111-b14/src/hotspot/src/share/vm/prims/jni.cpp, line 709]

Events (10 events):
Event: 651.601 Thread 0x00007fde680b4800 flushing nmethod 0x00007fde58cdc910
Event: 651.601 Thread 0x00007fde680b4800 flushing nmethod 0x00007fde58ceed50
Event: 651.603 Thread 0x00007fde680b4800 flushing nmethod 0x00007fde58d453d0
Event: 666.106 Thread 0x00007fde680b4800 flushing nmethod 0x00007fde58eede90
Event: 666.108 Thread 0x00007fde680b4800 flushing nmethod 0x00007fde58f6c590
Event: 816.429 Thread 0x00007fde680b0000 flushing nmethod 0x00007fde59299290
Event: 816.430 Thread 0x00007fde680b0000 flushing nmethod 0x00007fde59313450
Event: 879.500 Thread 0x00007fde680b2800 flushing nmethod 0x00007fde593c9650
Event: 966.141 Thread 0x00007fde680b4800 flushing nmethod 0x00007fde596c0f50
Event: 1919.286 Executing VM operation: ParallelGCFailedAllocation


Dynamic libraries:
00400000-00401000 r-xp 00000000 08:01 676338                             /usr/lib/jvm/java-8-openjdk-amd64/jre/bin/java
00600000-00601000 r--p 00000000 08:01 676338                             /usr/lib/jvm/java-8-openjdk-amd64/jre/bin/java
00601000-00602000 rw-p 00001000 08:01 676338                             /usr/lib/jvm/java-8-openjdk-amd64/jre/bin/java
00fb2000-00fd3000 rw-p 00000000 00:00 0                                  [heap]
c2800000-c6080000 rw-p 00000000 00:00 0 
c6080000-eb800000 ---p 00000000 00:00 0 
eb800000-fa600000 rw-p 00000000 00:00 0 
fea80000-100000000 ---p 00000000 00:00 0 
100000000-1004c0000 rw-p 00000000 00:00 0 
1004c0000-140000000 ---p 00000000 00:00 0 
7fddd4000000-7fddd4383000 rw-p 00000000 00:00 0 
7fddd4383000-7fddd8000000 ---p 00000000 00:00 0 
7fdddb7fa000-7fdddb97a000 rw-p 00000000 00:00 0 
7fdddb97a000-7fdddb9fa000 ---p 00000000 00:00 0 
7fdddb9fa000-7fdddb9fd000 ---p 00000000 00:00 0 
7fdddb9fd000-7fdddbafb000 rw-p 00000000 00:00 0 
7fdddbafb000-7fdddbafe000 ---p 00000000 00:00 0 
7fdddbafe000-7fdddbbfc000 rw-p 00000000 00:00 0 
7fdddbbfc000-7fdddbbff000 ---p 00000000 00:00 0 
7fdddbbff000-7fdddbcfd000 rw-p 00000000 00:00 0 
7fdddbcfd000-7fdddbd00000 ---p 00000000 00:00 0 
7fdddbd00000-7fdddbdfe000 rw-p 00000000 00:00 0 
7fdddbdfe000-7fdddbe01000 ---p 00000000 00:00 0 
7fdddbe01000-7fdddbeff000 rw-p 00000000 00:00 0 
7fdddbeff000-7fdddbf02000 ---p 00000000 00:00 0 
7fdddbf02000-7fdddc000000 rw-p 00000000 00:00 0 
7fdddc000000-7fdddc021000 rw-p 00000000 00:00 0 
7fdddc021000-7fdde0000000 ---p 00000000 00:00 0 
7fdde0000000-7fdde0021000 rw-p 00000000 00:00 0 
7fdde0021000-7fdde4000000 ---p 00000000 00:00 0 
7fdde4000000-7fdde4021000 rw-p 00000000 00:00 0 
7fdde4021000-7fdde8000000 ---p 00000000 00:00 0 
7fdde8000000-7fdde8021000 rw-p 00000000 00:00 0 
7fdde8021000-7fddec000000 ---p 00000000 00:00 0 
7fddec000000-7fddec021000 rw-p 00000000 00:00 0 
7fddec021000-7fddf0000000 ---p 00000000 00:00 0 
7fddf0000000-7fddf0021000 rw-p 00000000 00:00 0 
7fddf0021000-7fddf4000000 ---p 00000000 00:00 0 
7fddf4000000-7fddf4021000 rw-p 00000000 00:00 0 
7fddf4021000-7fddf8000000 ---p 00000000 00:00 0 
7fddf8000000-7fddf8021000 rw-p 00000000 00:00 0 
7fddf8021000-7fddfc000000 ---p 00000000 00:00 0 
7fddfc000000-7fddfc021000 rw-p 00000000 00:00 0 
7fddfc021000-7fde00000000 ---p 00000000 00:00 0 
7fde00000000-7fde00021000 rw-p 00000000 00:00 0 
7fde00021000-7fde04000000 ---p 00000000 00:00 0 
7fde04000000-7fde040a8000 rw-p 00000000 00:00 0 
7fde040a8000-7fde08000000 ---p 00000000 00:00 0 
7fde08000000-7fde08021000 rw-p 00000000 00:00 0 
7fde08021000-7fde0c000000 ---p 00000000 00:00 0 
7fde0c000000-7fde0d108000 rw-p 00000000 00:00 0 
7fde0d108000-7fde10000000 ---p 00000000 00:00 0 
7fde10000000-7fde101a1000 rw-p 00000000 00:00 0 
7fde101a1000-7fde14000000 ---p 00000000 00:00 0 
7fde14000000-7fde14021000 rw-p 00000000 00:00 0 
7fde14021000-7fde18000000 ---p 00000000 00:00 0 
7fde18000000-7fde183d4000 rw-p 00000000 00:00 0 
7fde183d4000-7fde1c000000 ---p 00000000 00:00 0 
7fde1c000000-7fde1c021000 rw-p 00000000 00:00 0 
7fde1c021000-7fde20000000 ---p 00000000 00:00 0 
7fde20000000-7fde20021000 rw-p 00000000 00:00 0 
7fde20021000-7fde24000000 ---p 00000000 00:00 0 
7fde24000000-7fde25be2000 rw-p 00000000 00:00 0 
7fde25be2000-7fde28000000 ---p 00000000 00:00 0 
7fde28000000-7fde28e15000 rw-p 00000000 00:00 0 
7fde28e15000-7fde2c000000 ---p 00000000 00:00 0 
7fde2c000000-7fde2c021000 rw-p 00000000 00:00 0 
7fde2c021000-7fde30000000 ---p 00000000 00:00 0 
7fde30000000-7fde31c98000 rw-p 00000000 00:00 0 
7fde31c98000-7fde34000000 ---p 00000000 00:00 0 
7fde34000000-7fde34021000 rw-p 00000000 00:00 0 
7fde34021000-7fde38000000 ---p 00000000 00:00 0 
7fde38000000-7fde38021000 rw-p 00000000 00:00 0 
7fde38021000-7fde3c000000 ---p 00000000 00:00 0 
7fde3c022000-7fde3c025000 ---p 00000000 00:00 0 
7fde3c025000-7fde3c123000 rw-p 00000000 00:00 0 
7fde3c123000-7fde3c126000 ---p 00000000 00:00 0 
7fde3c126000-7fde3c424000 rw-p 00000000 00:00 0 
7fde3c424000-7fde3c624000 rw-p 00000000 00:00 0 
7fde3c624000-7fde3c627000 ---p 00000000 00:00 0 
7fde3c627000-7fde3c725000 rw-p 00000000 00:00 0 
7fde3c725000-7fde3c728000 ---p 00000000 00:00 0 
7fde3c728000-7fde3c826000 rw-p 00000000 00:00 0 
7fde3c826000-7fde3c829000 ---p 00000000 00:00 0 
7fde3c829000-7fde3c927000 rw-p 00000000 00:00 0 
7fde3c927000-7fde3c92a000 ---p 00000000 00:00 0 
7fde3c92a000-7fde3ca28000 rw-p 00000000 00:00 0 
7fde3ca28000-7fde3ca2b000 ---p 00000000 00:00 0 
7fde3ca2b000-7fde3cb29000 rw-p 00000000 00:00 0 
7fde3cb29000-7fde3cb2c000 ---p 00000000 00:00 0 
7fde3cb2c000-7fde3cc2a000 rw-p 00000000 00:00 0 
7fde3cc2a000-7fde3cc2d000 ---p 00000000 00:00 0 
7fde3cc2d000-7fde3cf2b000 rw-p 00000000 00:00 0 
7fde3cf2b000-7fde3d12b000 rw-p 00000000 00:00 0 
7fde3d12b000-7fde3d32b000 rw-p 00000000 00:00 0 
7fde3d391000-7fde3d394000 ---p 00000000 00:00 0 
7fde3d394000-7fde3d492000 rw-p 00000000 00:00 0 
7fde3d492000-7fde3d495000 ---p 00000000 00:00 0 
7fde3d495000-7fde3d793000 rw-p 00000000 00:00 0 
7fde3d793000-7fde3d993000 rw-p 00000000 00:00 0 
7fde3d9a6000-7fde3d9a9000 ---p 00000000 00:00 0 
7fde3d9a9000-7fde3daa7000 rw-p 00000000 00:00 0 
7fde3daa7000-7fde3daab000 r--s 00097000 08:01 676312                     /usr/lib/jvm/java-8-openjdk-amd64/jre/lib/jsse.jar
7fde3daab000-7fde3dcab000 rw-p 00000000 00:00 0 
7fde3dcab000-7fde3deab000 rw-p 00000000 00:00 0 
7fde3deab000-7fde3debc000 r-xp 00000000 08:01 676247                     /usr/lib/jvm/java-8-openjdk-amd64/jre/lib/amd64/libnio.so
7fde3debc000-7fde3e0bc000 ---p 00011000 08:01 676247                     /usr/lib/jvm/java-8-openjdk-amd64/jre/lib/amd64/libnio.so
7fde3e0bc000-7fde3e0bd000 r--p 00011000 08:01 676247                     /usr/lib/jvm/java-8-openjdk-amd64/jre/lib/amd64/libnio.so
7fde3e0bd000-7fde3e0be000 rw-p 00012000 08:01 676247                     /usr/lib/jvm/java-8-openjdk-amd64/jre/lib/amd64/libnio.so
7fde3e0be000-7fde3e2be000 rw-p 00000000 00:00 0 
7fde3e2be000-7fde3e4be000 rw-p 00000000 00:00 0 
7fde3e4be000-7fde3e4c3000 r--s 002f9000 08:01 676305                     /usr/lib/jvm/java-8-openjdk-amd64/jre/lib/charsets.jar
7fde3e4c3000-7fde3e6c3000 rw-p 00000000 00:00 0 
7fde3e6c3000-7fde3e6c6000 ---p 00000000 00:00 0 
7fde3e6c6000-7fde3e7c4000 rw-p 00000000 00:00 0 
7fde3e7c4000-7fde3e7cd000 r-xp 00000000 08:01 676274                     /usr/lib/jvm/java-8-openjdk-amd64/jre/lib/amd64/libmanagement.so
7fde3e7cd000-7fde3e9cc000 ---p 00009000 08:01 676274                     /usr/lib/jvm/java-8-openjdk-amd64/jre/lib/amd64/libmanagement.so
7fde3e9cc000-7fde3e9cd000 r--p 00008000 08:01 676274                     /usr/lib/jvm/java-8-openjdk-amd64/jre/lib/amd64/libmanagement.so
7fde3e9cd000-7fde3e9ce000 rw-p 00009000 08:01 676274                     /usr/lib/jvm/java-8-openjdk-amd64/jre/lib/amd64/libmanagement.so
7fde3e9ce000-7fde3ebce000 rw-p 00000000 00:00 0 
7fde3ebce000-7fde3ebd1000 ---p 00000000 00:00 0 
7fde3ebd1000-7fde3eccf000 rw-p 00000000 00:00 0 
7fde3eccf000-7fde3ecd2000 ---p 00000000 00:00 0 
7fde3ecd2000-7fde3edd0000 rw-p 00000000 00:00 0 
7fde3edd0000-7fde3edd7000 r--s 00000000 08:01 136833                     /usr/lib/x86_64-linux-gnu/gconv/gconv-modules.cache
7fde3edd7000-7fde3edf8000 r--p 00000000 08:01 1070619                    /usr/share/locale-langpack/zh_CN/LC_MESSAGES/libc.mo
7fde3edf8000-7fde3f0f9000 rw-p 00000000 00:00 0 
7fde3f0f9000-7fde3f110000 r-xp 00000000 08:01 676271                     /usr/lib/jvm/java-8-openjdk-amd64/jre/lib/amd64/libnet.so
7fde3f110000-7fde3f30f000 ---p 00017000 08:01 676271                     /usr/lib/jvm/java-8-openjdk-amd64/jre/lib/amd64/libnet.so
7fde3f30f000-7fde3f310000 r--p 00016000 08:01 676271                     /usr/lib/jvm/java-8-openjdk-amd64/jre/lib/amd64/libnet.so
7fde3f310000-7fde3f311000 rw-p 00017000 08:01 676271                     /usr/lib/jvm/java-8-openjdk-amd64/jre/lib/amd64/libnet.so
7fde3f311000-7fde3f314000 ---p 00000000 00:00 0 
7fde3f314000-7fde3f412000 rw-p 00000000 00:00 0 
7fde3f412000-7fde3f413000 r-xp 00000000 08:01 561790                     /home/jason/idea-IU-141.2735.5/bin/libbreakgen64.so
7fde3f413000-7fde3f612000 ---p 00001000 08:01 561790                     /home/jason/idea-IU-141.2735.5/bin/libbreakgen64.so
7fde3f612000-7fde3f613000 r--p 00000000 08:01 561790                     /home/jason/idea-IU-141.2735.5/bin/libbreakgen64.so
7fde3f613000-7fde3f614000 rw-p 00001000 08:01 561790                     /home/jason/idea-IU-141.2735.5/bin/libbreakgen64.so
7fde3f614000-7fde3f616000 r--s 00016000 08:01 561887                     /home/jason/idea-IU-141.2735.5/lib/idea_rt.jar
7fde3f616000-7fde3f619000 r--s 00015000 08:01 554780                     /home/jason/.m2/repository/javax/servlet/javax.servlet-api/3.1.0/javax.servlet-api-3.1.0.jar
7fde3f619000-7fde3f61e000 r--s 0003c000 08:01 1181644                    /home/jason/.m2/repository/org/springframework/spring-expression/4.3.4.RELEASE/spring-expression-4.3.4.RELEASE.jar
7fde3f61e000-7fde3f630000 r--s 000ce000 08:01 943078                     /home/jason/.m2/repository/org/springframework/spring-webmvc/4.3.4.RELEASE/spring-webmvc-4.3.4.RELEASE.jar
7fde3f630000-7fde3f639000 r--s 00054000 08:01 1181639                    /home/jason/.m2/repository/org/springframework/spring-aop/4.3.4.RELEASE/spring-aop-4.3.4.RELEASE.jar
7fde3f639000-7fde3f64a000 r--s 000b6000 08:01 1181638                    /home/jason/.m2/repository/org/springframework/spring-web/4.3.4.RELEASE/spring-web-4.3.4.RELEASE.jar
7fde3f64a000-7fde3f64e000 r--s 00041000 08:01 1181637                    /home/jason/.m2/repository/com/fasterxml/jackson/core/jackson-core/2.8.4/jackson-core-2.8.4.jar
7fde3f64e000-7fde3f651000 r--s 0000b000 08:01 1181635                    /home/jason/.m2/repository/com/fasterxml/jackson/core/jackson-annotations/2.8.4/jackson-annotations-2.8.4.jar
7fde3f651000-7fde3f663000 r--s 0011c000 08:01 1181633                    /home/jason/.m2/repository/com/fasterxml/jackson/core/jackson-databind/2.8.4/jackson-databind-2.8.4.jar
7fde3f663000-7fde3f665000 r--s 0000e000 08:01 1181632                    /home/jason/.m2/repository/com/fasterxml/classmate/1.3.3/classmate-1.3.3.jar
7fde3f665000-7fde3f667000 r--s 0000f000 08:01 283293                     /home/jason/.m2/repository/org/jboss/logging/jboss-logging/3.3.0.Final/jboss-logging-3.3.0.Final.jar
7fde3f667000-7fde3f66b000 r--s 0000c000 08:01 3274                       /home/jason/.m2/repository/javax/validation/validation-api/1.1.0.Final/validation-api-1.1.0.Final.jar
7fde3f66b000-7fde3f67b000 r--s 0009c000 08:01 283269                     /home/jason/.m2/repository/org/hibernate/hibernate-validator/5.2.4.Final/hibernate-validator-5.2.4.Final.jar
7fde3f67b000-7fde3f680000 r--s 00036000 08:01 294531                     /home/jason/.m2/repository/org/apache/tomcat/embed/tomcat-embed-websocket/8.5.6/tomcat-embed-websocket-8.5.6.jar
7fde3f680000-7fde3f685000 r--s 00036000 08:01 294530                     /home/jason/.m2/repository/org/apache/tomcat/embed/tomcat-embed-el/8.5.6/tomcat-embed-el-8.5.6.jar
7fde3f685000-7fde3f6ae000 r--s 002b2000 08:01 294529                     /home/jason/.m2/repository/org/apache/tomcat/embed/tomcat-embed-core/8.5.6/tomcat-embed-core-8.5.6.jar
7fde3f6ae000-7fde3f6af000 r--s 00000000 08:01 943072                     /home/jason/.m2/repository/org/springframework/boot/spring-boot-starter-tomcat/1.4.2.RELEASE/spring-boot-starter-tomcat-1.4.2.RELEASE.jar
7fde3f6af000-7fde3f6b0000 r--s 00000000 08:01 943063                     /home/jason/.m2/repository/org/springframework/boot/spring-boot-starter-web/1.4.2.RELEASE/spring-boot-starter-web-1.4.2.RELEASE.jar
7fde3f6b0000-7fde3f6c6000 r--s 000fa000 08:01 1181650                    /home/jason/.m2/repository/org/springframework/spring-core/4.3.4.RELEASE/spring-core-4.3.4.RELEASE.jar
7fde3f6c6000-7fde3f6c7000 r--s 0000f000 08:01 166757                     /home/jason/.m2/repository/org/json/json/20140107/json-20140107.jar
7fde3f6c7000-7fde3f6ca000 r--s 0000c000 08:01 943088                     /home/jason/.m2/repository/org/springframework/boot/spring-boot-configuration-processor/1.4.2.RELEASE/spring-boot-configuration-processor-1.4.2.RELEASE.jar
7fde3f6ca000-7fde3f6e7000 r--s 000d0000 08:01 943087                     /home/jason/.m2/repository/org/springframework/boot/spring-boot-autoconfigure/1.4.2.RELEASE/spring-boot-autoconfigure-1.4.2.RELEASE.jar
7fde3f6e7000-7fde3f701000 r--s 000fc000 08:01 1181648                    /home/jason/.m2/repository/org/springframework/spring-context/4.3.4.RELEASE/spring-context-4.3.4.RELEASE.jar
7fde3f701000-7fde3f711000 r--s 00091000 08:01 943083                     /home/jason/.m2/repository/org/springframework/boot/spring-boot/1.4.2.RELEASE/spring-boot-1.4.2.RELEASE.jar
7fde3f711000-7fde3f717000 r--s 0002c000 08:01 943080                     /home/jason/.m2/repository/org/springframework/boot/spring-boot-devtools/1.4.2.RELEASE/spring-boot-devtools-1.4.2.RELEASE.jar
7fde3f717000-7fde3f764000 r--s 0040b000 08:01 294572                     /home/jason/.m2/repository/org/codehaus/groovy/groovy/2.4.7/groovy-2.4.7.jar
7fde3f764000-7fde3f767000 r--s 0001a000 08:01 294535                     /home/jason/.m2/repository/nz/net/ultraq/thymeleaf/thymeleaf-layout-dialect/1.4.0/thymeleaf-layout-dialect-1.4.0.jar
7fde3f767000-7fde3f771000 r--s 000ae000 08:01 294534                     /home/jason/.m2/repository/org/javassist/javassist/3.20.0-GA/javassist-3.20.0-GA.jar
7fde3f771000-7fde3f772000 ---p 00000000 00:00 0 
7fde3f772000-7fde3f872000 rw-p 00000000 00:00 0 
7fde3f872000-7fde3f875000 ---p 00000000 00:00 0 
7fde3f875000-7fde3f973000 rw-p 00000000 00:00 0 
7fde3f973000-7fde3f976000 ---p 00000000 00:00 0 
7fde3f976000-7fde3fa74000 rw-p 00000000 00:00 0 
7fde3fa74000-7fde3fa77000 ---p 00000000 00:00 0 
7fde3fa77000-7fde3fb75000 rw-p 00000000 00:00 0 
7fde3fb75000-7fde40000000 r--p 00000000 08:01 5272                       /usr/lib/locale/locale-archive
7fde40000000-7fde40021000 rw-p 00000000 00:00 0 
7fde40021000-7fde44000000 ---p 00000000 00:00 0 
7fde44000000-7fde4402a000 rw-p 00000000 00:00 0 
7fde4402a000-7fde48000000 ---p 00000000 00:00 0 
7fde48000000-7fde48021000 rw-p 00000000 00:00 0 
7fde48021000-7fde4c000000 ---p 00000000 00:00 0 
7fde4c000000-7fde4c021000 rw-p 00000000 00:00 0 
7fde4c021000-7fde50000000 ---p 00000000 00:00 0 
7fde50000000-7fde50026000 rw-p 00000000 00:00 0 
7fde50026000-7fde54000000 ---p 00000000 00:00 0 
7fde54000000-7fde54002000 r--s 00009000 08:01 3281                       /home/jason/.m2/repository/org/slf4j/slf4j-api/1.7.21/slf4j-api-1.7.21.jar
7fde54002000-7fde54005000 r--s 00020000 08:01 166751                     /home/jason/.m2/repository/org/unbescape/unbescape/1.1.0.RELEASE/unbescape-1.1.0.RELEASE.jar
7fde54005000-7fde54008000 r--s 00035000 08:01 166747                     /home/jason/.m2/repository/ognl/ognl/3.0.8/ognl-3.0.8.jar
7fde54008000-7fde54015000 r--s 000b7000 08:01 166745                     /home/jason/.m2/repository/org/thymeleaf/thymeleaf/2.1.5.RELEASE/thymeleaf-2.1.5.RELEASE.jar
7fde54015000-7fde54018000 r--s 00034000 08:01 166741                     /home/jason/.m2/repository/org/thymeleaf/thymeleaf-spring4/2.1.5.RELEASE/thymeleaf-spring4-2.1.5.RELEASE.jar
7fde54018000-7fde54019000 r--s 00000000 08:01 943062                     /home/jason/.m2/repository/org/springframework/boot/spring-boot-starter-thymeleaf/1.4.2.RELEASE/spring-boot-starter-thymeleaf-1.4.2.RELEASE.jar
7fde54019000-7fde54022000 r--s 000e9000 08:01 11562                      /home/jason/.m2/repository/mysql/mysql-connector-java/5.1.40/mysql-connector-java-5.1.40.jar
7fde54022000-7fde5402a000 r--s 0003a000 08:01 1071572                    /home/jason/.m2/repository/org/springframework/spring-tx/4.3.4.RELEASE/spring-tx-4.3.4.RELEASE.jar
7fde5402a000-7fde54038000 r--s 000ac000 08:01 1181641                    /home/jason/.m2/repository/org/springframework/spring-beans/4.3.4.RELEASE/spring-beans-4.3.4.RELEASE.jar
7fde54038000-7fde54042000 r--s 0005f000 08:01 1079035                    /home/jason/.m2/repository/org/springframework/spring-jdbc/4.3.4.RELEASE/spring-jdbc-4.3.4.RELEASE.jar
7fde54042000-7fde54044000 r--s 00009000 08:01 698169                     /home/jason/.m2/repository/org/apache/tomcat/tomcat-juli/8.5.6/tomcat-juli-8.5.6.jar
7fde54044000-7fde54047000 r--s 00020000 08:01 698168                     /home/jason/.m2/repository/org/apache/tomcat/tomcat-jdbc/8.5.6/tomcat-jdbc-8.5.6.jar
7fde54047000-7fde5404d000 r--s 0003d000 08:01 166735                     /home/jason/.m2/repository/org/yaml/snakeyaml/1.17/snakeyaml-1.17.jar
7fde5404d000-7fde5404f000 r--s 00004000 08:01 3268                       /home/jason/.m2/repository/org/slf4j/log4j-over-slf4j/1.7.21/log4j-over-slf4j-1.7.21.jar
7fde5404f000-7fde54051000 r--s 00000000 08:01 3271                       /home/jason/.m2/repository/org/slf4j/jul-to-slf4j/1.7.21/jul-to-slf4j-1.7.21.jar
7fde54051000-7fde54053000 r--s 00003000 08:01 3283                       /home/jason/.m2/repository/org/slf4j/jcl-over-slf4j/1.7.21/jcl-over-slf4j-1.7.21.jar
7fde54053000-7fde5405d000 r--s 00069000 08:01 3270                       /home/jason/.m2/repository/ch/qos/logback/logback-core/1.1.7/logback-core-1.1.7.jar
7fde5405d000-7fde54064000 r--s 00044000 08:01 3267                       /home/jason/.m2/repository/ch/qos/logback/logback-classic/1.1.7/logback-classic-1.1.7.jar
7fde54064000-7fde54065000 r--s 00000000 08:01 943067                     /home/jason/.m2/repository/org/springframework/boot/spring-boot-starter-logging/1.4.2.RELEASE/spring-boot-starter-logging-1.4.2.RELEASE.jar
7fde54065000-7fde54066000 r--s 00000000 08:01 943073                     /home/jason/.m2/repository/org/springframework/boot/spring-boot-starter/1.4.2.RELEASE/spring-boot-starter-1.4.2.RELEASE.jar
7fde54066000-7fde54067000 r--s 00000000 08:01 948979                     /home/jason/.m2/repository/org/springframework/boot/spring-boot-starter-jdbc/1.4.2.RELEASE/spring-boot-starter-jdbc-1.4.2.RELEASE.jar
7fde54067000-7fde5406b000 r--s 00097000 08:01 676312                     /usr/lib/jvm/java-8-openjdk-amd64/jre/lib/jsse.jar
7fde5406b000-7fde5406e000 r--s 00015000 08:01 676308                     /usr/lib/jvm/java-8-openjdk-amd64/jre/lib/jce.jar
7fde5406e000-7fde5406f000 r--s 00000000 08:01 676306                     /usr/lib/jvm/java-8-openjdk-amd64/jre/lib/management-agent.jar
7fde5406f000-7fde54074000 r--s 002f9000 08:01 676305                     /usr/lib/jvm/java-8-openjdk-amd64/jre/lib/charsets.jar
7fde54074000-7fde54087000 r--s 00346000 08:01 676292                     /usr/lib/jvm/java-8-openjdk-amd64/jre/lib/resources.jar
7fde54087000-7fde54089000 r--s 00001000 08:01 676285                     /usr/lib/jvm/java-8-openjdk-amd64/jre/lib/ext/dnsns.jar
7fde54089000-7fde5408a000 r--s 00010000 08:01 676283                     /usr/lib/jvm/java-8-openjdk-amd64/jre/lib/ext/zipfs.jar
7fde5408a000-7fde5408b000 r--s 0000a000 08:01 676280                     /usr/lib/jvm/java-8-openjdk-amd64/jre/lib/ext/jaccess.jar
7fde5408b000-7fde540a6000 r--s 001d5000 08:01 676277                     /usr/lib/jvm/java-8-openjdk-amd64/jre/lib/ext/nashorn.jar
7fde540a6000-7fde540c1000 r--s 00394000 08:01 676276                     /usr/lib/jvm/java-8-openjdk-amd64/jre/lib/ext/cldrdata.jar
7fde540c1000-7fde540c4000 ---p 00000000 00:00 0 
7fde540c4000-7fde541c2000 rw-p 00000000 00:00 0 
7fde541c2000-7fde541c5000 ---p 00000000 00:00 0 
7fde541c5000-7fde542c3000 rw-p 00000000 00:00 0 
7fde542c3000-7fde542c6000 ---p 00000000 00:00 0 
7fde542c6000-7fde543c4000 rw-p 00000000 00:00 0 
7fde543c4000-7fde543c7000 ---p 00000000 00:00 0 
7fde543c7000-7fde544c5000 rw-p 00000000 00:00 0 
7fde544c5000-7fde544c6000 ---p 00000000 00:00 0 
7fde544c6000-7fde55538000 rw-p 00000000 00:00 0 
7fde55538000-7fde55706000 r--s 03bf1000 08:01 676295                     /usr/lib/jvm/java-8-openjdk-amd64/jre/lib/rt.jar
7fde55706000-7fde58028000 rw-p 00000000 00:00 0 
7fde58028000-7fde58029000 ---p 00000000 00:00 0 
7fde58029000-7fde58129000 rw-p 00000000 00:00 0 
7fde58129000-7fde5812a000 ---p 00000000 00:00 0 
7fde5812a000-7fde5822a000 rw-p 00000000 00:00 0 
7fde5822a000-7fde5822b000 ---p 00000000 00:00 0 
7fde5822b000-7fde5832b000 rw-p 00000000 00:00 0 
7fde5832b000-7fde5832c000 ---p 00000000 00:00 0 
7fde5832c000-7fde58449000 rw-p 00000000 00:00 0 
7fde58449000-7fde58574000 ---p 00000000 00:00 0 
7fde58574000-7fde585eb000 rw-p 00000000 00:00 0 
7fde585eb000-7fde58618000 ---p 00000000 00:00 0 
7fde58618000-7fde58655000 rw-p 00000000 00:00 0 
7fde58655000-7fde589d9000 ---p 00000000 00:00 0 
7fde589d9000-7fde598b9000 rwxp 00000000 00:00 0 
7fde598b9000-7fde679d9000 ---p 00000000 00:00 0 
7fde679d9000-7fde679e1000 r-xp 00000000 08:01 676252                     /usr/lib/jvm/java-8-openjdk-amd64/jre/lib/amd64/libzip.so
7fde679e1000-7fde67be0000 ---p 00008000 08:01 676252                     /usr/lib/jvm/java-8-openjdk-amd64/jre/lib/amd64/libzip.so
7fde67be0000-7fde67be1000 r--p 00007000 08:01 676252                     /usr/lib/jvm/java-8-openjdk-amd64/jre/lib/amd64/libzip.so
7fde67be1000-7fde67be2000 rw-p 00008000 08:01 676252                     /usr/lib/jvm/java-8-openjdk-amd64/jre/lib/amd64/libzip.so
7fde67be2000-7fde67bed000 r-xp 00000000 08:01 923106                     /lib/x86_64-linux-gnu/libnss_files-2.23.so
7fde67bed000-7fde67dec000 ---p 0000b000 08:01 923106                     /lib/x86_64-linux-gnu/libnss_files-2.23.so
7fde67dec000-7fde67ded000 r--p 0000a000 08:01 923106                     /lib/x86_64-linux-gnu/libnss_files-2.23.so
7fde67ded000-7fde67dee000 rw-p 0000b000 08:01 923106                     /lib/x86_64-linux-gnu/libnss_files-2.23.so
7fde67dee000-7fde67df4000 rw-p 00000000 00:00 0 
7fde67df4000-7fde67dff000 r-xp 00000000 08:01 923116                     /lib/x86_64-linux-gnu/libnss_nis-2.23.so
7fde67dff000-7fde67ffe000 ---p 0000b000 08:01 923116                     /lib/x86_64-linux-gnu/libnss_nis-2.23.so
7fde67ffe000-7fde67fff000 r--p 0000a000 08:01 923116                     /lib/x86_64-linux-gnu/libnss_nis-2.23.so
7fde67fff000-7fde68000000 rw-p 0000b000 08:01 923116                     /lib/x86_64-linux-gnu/libnss_nis-2.23.so
7fde68000000-7fde6872a000 rw-p 00000000 00:00 0 
7fde6872a000-7fde6c000000 ---p 00000000 00:00 0 
7fde6c000000-7fde6c004000 r--s 00037000 08:01 676279                     /usr/lib/jvm/java-8-openjdk-amd64/jre/lib/ext/sunpkcs11.jar
7fde6c004000-7fde6c06e000 rw-p 00000000 00:00 0 
7fde6c06e000-7fde6c199000 ---p 00000000 00:00 0 
7fde6c199000-7fde6c1af000 r-xp 00000000 08:01 923100                     /lib/x86_64-linux-gnu/libnsl-2.23.so
7fde6c1af000-7fde6c3ae000 ---p 00016000 08:01 923100                     /lib/x86_64-linux-gnu/libnsl-2.23.so
7fde6c3ae000-7fde6c3af000 r--p 00015000 08:01 923100                     /lib/x86_64-linux-gnu/libnsl-2.23.so
7fde6c3af000-7fde6c3b0000 rw-p 00016000 08:01 923100                     /lib/x86_64-linux-gnu/libnsl-2.23.so
7fde6c3b0000-7fde6c3b2000 rw-p 00000000 00:00 0 
7fde6c3b2000-7fde6c3ba000 r-xp 00000000 08:01 923102                     /lib/x86_64-linux-gnu/libnss_compat-2.23.so
7fde6c3ba000-7fde6c5b9000 ---p 00008000 08:01 923102                     /lib/x86_64-linux-gnu/libnss_compat-2.23.so
7fde6c5b9000-7fde6c5ba000 r--p 00007000 08:01 923102                     /lib/x86_64-linux-gnu/libnss_compat-2.23.so
7fde6c5ba000-7fde6c5bb000 rw-p 00008000 08:01 923102                     /lib/x86_64-linux-gnu/libnss_compat-2.23.so
7fde6c5bb000-7fde6c5e8000 r-xp 00000000 08:01 676246                     /usr/lib/jvm/java-8-openjdk-amd64/jre/lib/amd64/libjava.so
7fde6c5e8000-7fde6c7e7000 ---p 0002d000 08:01 676246                     /usr/lib/jvm/java-8-openjdk-amd64/jre/lib/amd64/libjava.so
7fde6c7e7000-7fde6c7e8000 r--p 0002c000 08:01 676246                     /usr/lib/jvm/java-8-openjdk-amd64/jre/lib/amd64/libjava.so
7fde6c7e8000-7fde6c7ea000 rw-p 0002d000 08:01 676246                     /usr/lib/jvm/java-8-openjdk-amd64/jre/lib/amd64/libjava.so
7fde6c7ea000-7fde6c7f9000 r-xp 00000000 08:01 676250                     /usr/lib/jvm/java-8-openjdk-amd64/jre/lib/amd64/libverify.so
7fde6c7f9000-7fde6c9f8000 ---p 0000f000 08:01 676250                     /usr/lib/jvm/java-8-openjdk-amd64/jre/lib/amd64/libverify.so
7fde6c9f8000-7fde6c9fa000 r--p 0000e000 08:01 676250                     /usr/lib/jvm/java-8-openjdk-amd64/jre/lib/amd64/libverify.so
7fde6c9fa000-7fde6c9fb000 rw-p 00010000 08:01 676250                     /usr/lib/jvm/java-8-openjdk-amd64/jre/lib/amd64/libverify.so
7fde6c9fb000-7fde6ca02000 r-xp 00000000 08:01 923161                     /lib/x86_64-linux-gnu/librt-2.23.so
7fde6ca02000-7fde6cc01000 ---p 00007000 08:01 923161                     /lib/x86_64-linux-gnu/librt-2.23.so
7fde6cc01000-7fde6cc02000 r--p 00006000 08:01 923161                     /lib/x86_64-linux-gnu/librt-2.23.so
7fde6cc02000-7fde6cc03000 rw-p 00007000 08:01 923161                     /lib/x86_64-linux-gnu/librt-2.23.so
7fde6cc03000-7fde6cc19000 r-xp 00000000 08:01 923045                     /lib/x86_64-linux-gnu/libgcc_s.so.1
7fde6cc19000-7fde6ce18000 ---p 00016000 08:01 923045                     /lib/x86_64-linux-gnu/libgcc_s.so.1
7fde6ce18000-7fde6ce19000 rw-p 00015000 08:01 923045                     /lib/x86_64-linux-gnu/libgcc_s.so.1
7fde6ce19000-7fde6cf21000 r-xp 00000000 08:01 923077                     /lib/x86_64-linux-gnu/libm-2.23.so
7fde6cf21000-7fde6d120000 ---p 00108000 08:01 923077                     /lib/x86_64-linux-gnu/libm-2.23.so
7fde6d120000-7fde6d121000 r--p 00107000 08:01 923077                     /lib/x86_64-linux-gnu/libm-2.23.so
7fde6d121000-7fde6d122000 rw-p 00108000 08:01 923077                     /lib/x86_64-linux-gnu/libm-2.23.so
7fde6d122000-7fde6d294000 r-xp 00000000 08:01 455                        /usr/lib/x86_64-linux-gnu/libstdc++.so.6.0.21
7fde6d294000-7fde6d494000 ---p 00172000 08:01 455                        /usr/lib/x86_64-linux-gnu/libstdc++.so.6.0.21
7fde6d494000-7fde6d49e000 r--p 00172000 08:01 455                        /usr/lib/x86_64-linux-gnu/libstdc++.so.6.0.21
7fde6d49e000-7fde6d4a0000 rw-p 0017c000 08:01 455                        /usr/lib/x86_64-linux-gnu/libstdc++.so.6.0.21
7fde6d4a0000-7fde6d4a4000 rw-p 00000000 00:00 0 
7fde6d4a4000-7fde6e0f3000 r-xp 00000000 08:01 676253                     /usr/lib/jvm/java-8-openjdk-amd64/jre/lib/amd64/server/libjvm.so
7fde6e0f3000-7fde6e2f2000 ---p 00c4f000 08:01 676253                     /usr/lib/jvm/java-8-openjdk-amd64/jre/lib/amd64/server/libjvm.so
7fde6e2f2000-7fde6e385000 r--p 00c4e000 08:01 676253                     /usr/lib/jvm/java-8-openjdk-amd64/jre/lib/amd64/server/libjvm.so
7fde6e385000-7fde6e3ae000 rw-p 00ce1000 08:01 676253                     /usr/lib/jvm/java-8-openjdk-amd64/jre/lib/amd64/server/libjvm.so
7fde6e3ae000-7fde6e3de000 rw-p 00000000 00:00 0 
7fde6e3de000-7fde6e3f6000 r-xp 00000000 08:01 923153                     /lib/x86_64-linux-gnu/libpthread-2.23.so
7fde6e3f6000-7fde6e5f5000 ---p 00018000 08:01 923153                     /lib/x86_64-linux-gnu/libpthread-2.23.so
7fde6e5f5000-7fde6e5f6000 r--p 00017000 08:01 923153                     /lib/x86_64-linux-gnu/libpthread-2.23.so
7fde6e5f6000-7fde6e5f7000 rw-p 00018000 08:01 923153                     /lib/x86_64-linux-gnu/libpthread-2.23.so
7fde6e5f7000-7fde6e5fb000 rw-p 00000000 00:00 0 
7fde6e5fb000-7fde6e5fe000 r-xp 00000000 08:01 923031                     /lib/x86_64-linux-gnu/libdl-2.23.so
7fde6e5fe000-7fde6e7fd000 ---p 00003000 08:01 923031                     /lib/x86_64-linux-gnu/libdl-2.23.so
7fde6e7fd000-7fde6e7fe000 r--p 00002000 08:01 923031                     /lib/x86_64-linux-gnu/libdl-2.23.so
7fde6e7fe000-7fde6e7ff000 rw-p 00003000 08:01 923031                     /lib/x86_64-linux-gnu/libdl-2.23.so
7fde6e7ff000-7fde6e818000 r-xp 00000000 08:01 923198                     /lib/x86_64-linux-gnu/libz.so.1.2.8
7fde6e818000-7fde6ea17000 ---p 00019000 08:01 923198                     /lib/x86_64-linux-gnu/libz.so.1.2.8
7fde6ea17000-7fde6ea18000 r--p 00018000 08:01 923198                     /lib/x86_64-linux-gnu/libz.so.1.2.8
7fde6ea18000-7fde6ea19000 rw-p 00019000 08:01 923198                     /lib/x86_64-linux-gnu/libz.so.1.2.8
7fde6ea19000-7fde6ebd9000 r-xp 00000000 08:01 923007                     /lib/x86_64-linux-gnu/libc-2.23.so
7fde6ebd9000-7fde6edd8000 ---p 001c0000 08:01 923007                     /lib/x86_64-linux-gnu/libc-2.23.so
7fde6edd8000-7fde6eddc000 r--p 001bf000 08:01 923007                     /lib/x86_64-linux-gnu/libc-2.23.so
7fde6eddc000-7fde6edde000 rw-p 001c3000 08:01 923007                     /lib/x86_64-linux-gnu/libc-2.23.so
7fde6edde000-7fde6ede2000 rw-p 00000000 00:00 0 
7fde6ede2000-7fde6edef000 r-xp 00000000 08:01 676249                     /usr/lib/jvm/java-8-openjdk-amd64/jre/lib/amd64/jli/libjli.so
7fde6edef000-7fde6efef000 ---p 0000d000 08:01 676249                     /usr/lib/jvm/java-8-openjdk-amd64/jre/lib/amd64/jli/libjli.so
7fde6efef000-7fde6eff0000 r--p 0000d000 08:01 676249                     /usr/lib/jvm/java-8-openjdk-amd64/jre/lib/amd64/jli/libjli.so
7fde6eff0000-7fde6eff1000 rw-p 0000e000 08:01 676249                     /usr/lib/jvm/java-8-openjdk-amd64/jre/lib/amd64/jli/libjli.so
7fde6eff1000-7fde6f017000 r-xp 00000000 08:01 922979                     /lib/x86_64-linux-gnu/ld-2.23.so
7fde6f017000-7fde6f01c000 r--s 0003b000 08:01 676278                     /usr/lib/jvm/java-8-openjdk-amd64/jre/lib/ext/sunjce_provider.jar
7fde6f01c000-7fde6f0f5000 rw-p 00000000 00:00 0 
7fde6f0f5000-7fde6f0f8000 ---p 00000000 00:00 0 
7fde6f0f8000-7fde6f1fb000 rw-p 00000000 00:00 0 
7fde6f1fb000-7fde6f1fd000 r--s 00008000 08:01 676281                     /usr/lib/jvm/java-8-openjdk-amd64/jre/lib/ext/sunec.jar
7fde6f1fd000-7fde6f207000 r--s 00116000 08:01 676282                     /usr/lib/jvm/java-8-openjdk-amd64/jre/lib/ext/localedata.jar
7fde6f207000-7fde6f20a000 r--s 0000f000 08:01 676284                     /usr/lib/jvm/java-8-openjdk-amd64/jre/lib/ext/icedtea-sound.jar
7fde6f20a000-7fde6f212000 rw-s 00000000 08:01 1071694                    /tmp/hsperfdata_jason/20842
7fde6f212000-7fde6f213000 rw-p 00000000 00:00 0 
7fde6f213000-7fde6f214000 ---p 00000000 00:00 0 
7fde6f214000-7fde6f216000 rw-p 00000000 00:00 0 
7fde6f216000-7fde6f217000 r--p 00025000 08:01 922979                     /lib/x86_64-linux-gnu/ld-2.23.so
7fde6f217000-7fde6f218000 rw-p 00026000 08:01 922979                     /lib/x86_64-linux-gnu/ld-2.23.so
7fde6f218000-7fde6f219000 rw-p 00000000 00:00 0 
7fff807fd000-7fff80820000 rw-p 00000000 00:00 0                          [stack]
7fff8093a000-7fff8093c000 r--p 00000000 00:00 0                          [vvar]
7fff8093c000-7fff8093e000 r-xp 00000000 00:00 0                          [vdso]
ffffffffff600000-ffffffffff601000 r-xp 00000000 00:00 0                  [vsyscall]

VM Arguments:
jvm_args: -Didea.launcher.port=7532 -Didea.launcher.bin.path=/home/jason/idea-IU-141.2735.5/bin -Dfile.encoding=UTF-8 
java_command: com.intellij.rt.execution.application.AppMain com.fang.CD1.Application --spring.output.ansi.enabled=always
java_class_path (initial): /usr/lib/jvm/java-1.8.0-openjdk-amd64/jre/lib/resources.jar:/usr/lib/jvm/java-1.8.0-openjdk-amd64/jre/lib/charsets.jar:/usr/lib/jvm/java-1.8.0-openjdk-amd64/jre/lib/rt.jar:/usr/lib/jvm/java-1.8.0-openjdk-amd64/jre/lib/management-agent.jar:/usr/lib/jvm/java-1.8.0-openjdk-amd64/jre/lib/jce.jar:/usr/lib/jvm/java-1.8.0-openjdk-amd64/jre/lib/jsse.jar:/usr/lib/jvm/java-1.8.0-openjdk-amd64/jre/lib/ext/icedtea-sound.jar:/usr/lib/jvm/java-1.8.0-openjdk-amd64/jre/lib/ext/localedata.jar:/usr/lib/jvm/java-1.8.0-openjdk-amd64/jre/lib/ext/cldrdata.jar:/usr/lib/jvm/java-1.8.0-openjdk-amd64/jre/lib/ext/sunec.jar:/usr/lib/jvm/java-1.8.0-openjdk-amd64/jre/lib/ext/nashorn.jar:/usr/lib/jvm/java-1.8.0-openjdk-amd64/jre/lib/ext/sunjce_provider.jar:/usr/lib/jvm/java-1.8.0-openjdk-amd64/jre/lib/ext/sunpkcs11.jar:/usr/lib/jvm/java-1.8.0-openjdk-amd64/jre/lib/ext/jaccess.jar:/usr/lib/jvm/java-1.8.0-openjdk-amd64/jre/lib/ext/zipfs.jar:/usr/lib/jvm/java-1.8.0-openjdk-amd64/jre/lib/ext/dnsns.jar:/home/jason/IdeaProjects/CourseDesignOne/target/classes:/home/jason/.m2/repository/org/springframework/boot/spring-boot-starter-jdbc/1.4.2.RELEASE/spring-boot-starter-jdbc-1.4.2.RELEASE.jar:/home/jason/.m2/repository/org/springframework/boot/spring-boot-starter/1.4.2.RELEASE/spring-boot-starter-1.4.2.RELEASE.jar:/home/jason/.m2/repository/org/springframework/boot/spring-boot-starter-logging/1.4.2.RELEASE/spring-boot-starter-logging-1.4.2.RELEASE.jar:/home/jason/.m2/repository/ch/qos/logback/logback-classic/1.1.7/logback-classic-1.1.7.jar:/home/jason/.m2/repository/ch/qos/logback/logback-core/1.1.7/logback-core-1.1.7.jar:/home/jason/.m2/repository/org/slf4j/jcl-over-slf4j/1.7.21/jcl-over-slf4j-1.7.21.jar:/home/jason/.m2/repository/org/slf4j/jul-to-slf4j/1.7.21/jul-to-slf4j-1.7.21.jar:/home/jason/.m2/repository/org/slf4j/log4j-over-slf4j/1.7.21/log4j-over-slf4j-1.7.21.jar:/home/jason/.m2/repository/org/yaml/snakeyaml/1.17/snakeyaml-1.17.jar:/home/jason/.m2/repository/org/apach
Launcher Type: SUN_STANDARD

Environment Variables:
PATH=/usr/local/sbin:/usr/local/bin:/usr/sbin:/usr/bin:/sbin:/bin:/usr/games:/usr/local/games:/snap/bin
LD_LIBRARY_PATH=/home/jason/idea-IU-141.2735.5/bin:
SHELL=/bin/bash
DISPLAY=:0

Signal Handlers:
SIGSEGV: [libjvm.so+0xa65880], sa_mask[0]=11111111011111111101111111111110, sa_flags=SA_RESTART|SA_SIGINFO
SIGBUS: [libjvm.so+0xa65880], sa_mask[0]=11111111011111111101111111111110, sa_flags=SA_RESTART|SA_SIGINFO
SIGFPE: [libjvm.so+0x8af1c0], sa_mask[0]=11111111011111111101111111111110, sa_flags=SA_RESTART|SA_SIGINFO
SIGPIPE: [libjvm.so+0x8af1c0], sa_mask[0]=11111111011111111101111111111110, sa_flags=SA_RESTART|SA_SIGINFO
SIGXFSZ: [libjvm.so+0x8af1c0], sa_mask[0]=11111111011111111101111111111110, sa_flags=SA_RESTART|SA_SIGINFO
SIGILL: [libjvm.so+0x8af1c0], sa_mask[0]=11111111011111111101111111111110, sa_flags=SA_RESTART|SA_SIGINFO
SIGUSR1: SIG_DFL, sa_mask[0]=00000000000000000000000000000000, sa_flags=none
SIGUSR2: [libjvm.so+0x8af070], sa_mask[0]=00100000000000000000000000000000, sa_flags=SA_RESTART|SA_SIGINFO
SIGHUP: [libjvm.so+0x8af540], sa_mask[0]=11111111011111111101111111111110, sa_flags=SA_RESTART|SA_SIGINFO
SIGINT: [libjvm.so+0x8af540], sa_mask[0]=11111111011111111101111111111110, sa_flags=SA_RESTART|SA_SIGINFO
SIGTERM: [libjvm.so+0x8af540], sa_mask[0]=11111111011111111101111111111110, sa_flags=SA_RESTART|SA_SIGINFO
SIGQUIT: [libjvm.so+0x8af540], sa_mask[0]=11111111011111111101111111111110, sa_flags=SA_RESTART|SA_SIGINFO


---------------  S Y S T E M  ---------------

OS:DISTRIB_ID=Ubuntu
DISTRIB_RELEASE=16.04
DISTRIB_CODENAME=xenial
DISTRIB_DESCRIPTION="Ubuntu 16.04 LTS"

uname:Linux 4.4.0-57-generic #78-Ubuntu SMP Fri Dec 9 23:50:32 UTC 2016 x86_64
libc:glibc 2.23 NPTL 2.23 
rlimit: STACK 8192k, CORE 0k, NPROC 15548, NOFILE 65536, AS infinity
load average:2.20 1.14 0.52

/proc/meminfo:
MemTotal:        4028856 kB
MemFree:          115380 kB
MemAvailable:      18832 kB
Buffers:             356 kB
Cached:           370844 kB
SwapCached:         1300 kB
Active:          2025792 kB
Inactive:         691928 kB
Active(anon):    2021372 kB
Inactive(anon):   687532 kB
Active(file):       4420 kB
Inactive(file):     4396 kB
Unevictable:         384 kB
Mlocked:             384 kB
SwapTotal:       1046524 kB
SwapFree:              0 kB
Dirty:                84 kB
Writeback:             0 kB
AnonPages:       2347052 kB
Mapped:            20188 kB
Shmem:            362200 kB
Slab:             107660 kB
SReclaimable:      39300 kB
SUnreclaim:        68360 kB
KernelStack:       15040 kB
PageTables:        60828 kB
NFS_Unstable:          0 kB
Bounce:                0 kB
WritebackTmp:          0 kB
CommitLimit:     3060952 kB
Committed_AS:    8074912 kB
VmallocTotal:   34359738367 kB
VmallocUsed:           0 kB
VmallocChunk:          0 kB
HardwareCorrupted:     0 kB
AnonHugePages:   1585152 kB
CmaTotal:              0 kB
CmaFree:               0 kB
HugePages_Total:       0
HugePages_Free:        0
HugePages_Rsvd:        0
HugePages_Surp:        0
Hugepagesize:       2048 kB
DirectMap4k:      135040 kB
DirectMap2M:     4059136 kB
DirectMap1G:     2097152 kB


CPU:total 4 (1 cores per cpu, 1 threads per core) family 6 model 60 stepping 3, cmov, cx8, fxsr, mmx, sse, sse2, sse3, ssse3, sse4.1, sse4.2, popcnt, avx, avx2, aes, clmul, erms, lzcnt, tsc, tscinvbit, bmi1, bmi2

/proc/cpuinfo:
processor	: 0
vendor_id	: GenuineIntel
cpu family	: 6
model		: 60
model name	: Intel(R) Core(TM) i7-4710MQ CPU @ 2.50GHz
stepping	: 3
microcode	: 0x1e
cpu MHz		: 2501.000
cache size	: 6144 KB
physical id	: 0
siblings	: 1
core id		: 0
cpu cores	: 1
apicid		: 0
initial apicid	: 0
fpu		: yes
fpu_exception	: yes
cpuid level	: 13
wp		: yes
flags		: fpu vme de pse tsc msr pae mce cx8 apic sep mtrr pge mca cmov pat pse36 clflush dts mmx fxsr sse sse2 ss syscall nx pdpe1gb rdtscp lm constant_tsc arch_perfmon pebs bts nopl xtopology tsc_reliable nonstop_tsc aperfmperf eagerfpu pni pclmulqdq ssse3 fma cx16 pcid sse4_1 sse4_2 x2apic movbe popcnt tsc_deadline_timer aes xsave avx f16c rdrand hypervisor lahf_lm abm epb fsgsbase tsc_adjust bmi1 avx2 smep bmi2 invpcid xsaveopt dtherm ida arat pln pts
bugs		:
bogomips	: 5002.00
clflush size	: 64
cache_alignment	: 64
address sizes	: 42 bits physical, 48 bits virtual
power management:

processor	: 1
vendor_id	: GenuineIntel
cpu family	: 6
model		: 60
model name	: Intel(R) Core(TM) i7-4710MQ CPU @ 2.50GHz
stepping	: 3
microcode	: 0x1e
cpu MHz		: 2501.000
cache size	: 6144 KB
physical id	: 2
siblings	: 1
core id		: 0
cpu cores	: 1
apicid		: 2
initial apicid	: 2
fpu		: yes
fpu_exception	: yes
cpuid level	: 13
wp		: yes
flags		: fpu vme de pse tsc msr pae mce cx8 apic sep mtrr pge mca cmov pat pse36 clflush dts mmx fxsr sse sse2 ss syscall nx pdpe1gb rdtscp lm constant_tsc arch_perfmon pebs bts nopl xtopology tsc_reliable nonstop_tsc aperfmperf eagerfpu pni pclmulqdq ssse3 fma cx16 pcid sse4_1 sse4_2 x2apic movbe popcnt tsc_deadline_timer aes xsave avx f16c rdrand hypervisor lahf_lm abm epb fsgsbase tsc_adjust bmi1 avx2 smep bmi2 invpcid xsaveopt dtherm ida arat pln pts
bugs		:
bogomips	: 5002.00
clflush size	: 64
cache_alignment	: 64
address sizes	: 42 bits physical, 48 bits virtual
power management:

processor	: 2
vendor_id	: GenuineIntel
cpu family	: 6
model		: 60
model name	: Intel(R) Core(TM) i7-4710MQ CPU @ 2.50GHz
stepping	: 3
microcode	: 0x1e
cpu MHz		: 2501.000
cache size	: 6144 KB
physical id	: 4
siblings	: 1
core id		: 0
cpu cores	: 1
apicid		: 4
initial apicid	: 4
fpu		: yes
fpu_exception	: yes
cpuid level	: 13
wp		: yes
flags		: fpu vme de pse tsc msr pae mce cx8 apic sep mtrr pge mca cmov pat pse36 clflush dts mmx fxsr sse sse2 ss syscall nx pdpe1gb rdtscp lm constant_tsc arch_perfmon pebs bts nopl xtopology tsc_reliable nonstop_tsc aperfmperf eagerfpu pni pclmulqdq ssse3 fma cx16 pcid sse4_1 sse4_2 x2apic movbe popcnt tsc_deadline_timer aes xsave avx f16c rdrand hypervisor lahf_lm abm epb fsgsbase tsc_adjust bmi1 avx2 smep bmi2 invpcid xsaveopt dtherm ida arat pln pts
bugs		:
bogomips	: 5002.00
clflush size	: 64
cache_alignment	: 64
address sizes	: 42 bits physical, 48 bits virtual
power management:

processor	: 3
vendor_id	: GenuineIntel
cpu family	: 6
model		: 60
model name	: Intel(R) Core(TM) i7-4710MQ CPU @ 2.50GHz
stepping	: 3
microcode	: 0x1e
cpu MHz		: 2501.000
cache size	: 6144 KB
physical id	: 6
siblings	: 1
core id		: 0
cpu cores	: 1
apicid		: 6
initial apicid	: 6
fpu		: yes
fpu_exception	: yes
cpuid level	: 13
wp		: yes
flags		: fpu vme de pse tsc msr pae mce cx8 apic sep mtrr pge mca cmov pat pse36 clflush dts mmx fxsr sse sse2 ss syscall nx pdpe1gb rdtscp lm constant_tsc arch_perfmon pebs bts nopl xtopology tsc_reliable nonstop_tsc aperfmperf eagerfpu pni pclmulqdq ssse3 fma cx16 pcid sse4_1 sse4_2 x2apic movbe popcnt tsc_deadline_timer aes xsave avx f16c rdrand hypervisor lahf_lm abm epb fsgsbase tsc_adjust bmi1 avx2 smep bmi2 invpcid xsaveopt dtherm ida arat pln pts
bugs		:
bogomips	: 5002.00
clflush size	: 64
cache_alignment	: 64
address sizes	: 42 bits physical, 48 bits virtual
power management:



Memory: 4k page, physical 4028856k(115428k free), swap 1046524k(0k free)

vm_info: OpenJDK 64-Bit Server VM (25.111-b14) for linux-amd64 JRE (1.8.0_111-8u111-b14-2ubuntu0.16.04.2-b14), built on Oct 27 2016 18:10:19 by "buildd" with gcc 5.4.0 20160609

time: Mon Jan  2 20:08:37 2017
elapsed time: 1919 seconds (0d 0h 31m 59s)

